<?xml version="1.0" encoding="UTF-8"?>
<!-- Generated by org.testng.reporters.JUnitReportReporter -->
<testsuite hostname="CA04WLVA4652" name="report.test.Test_ypRealYellowPages" tests="4" failures="0" timestamp="4 Sep 2015 04:48:46 GMT" time="36.076" errors="0">
  <testcase name="launchURLTestypReal" time="14.372" classname="report.test.Test_ypRealYellowPages"/>
  <testcase name="ypRealYellowPagesOverviewTest" time="4.081" classname="report.test.Test_ypRealYellowPages"/>
  <testcase name="launchURLTestypReal" time="13.520" classname="report.test.Test_ypRealYellowPages"/>
  <testcase name="ypRealYellowPagesOverviewTest" time="4.103" classname="report.test.Test_ypRealYellowPages"/>
</testsuite> <!-- report.test.Test_ypRealYellowPages -->
