<?xml version="1.0" encoding="UTF-8"?>
<!-- Generated by org.testng.reporters.JUnitReportReporter -->
<testsuite hostname="CA04WLVA4652" name="report.test.Test_ypRealYellowPages" tests="2" failures="0" timestamp="9 Sep 2015 23:07:41 GMT" time="20.328" errors="0">
  <testcase name="launchURLTestypReal" time="16.316" classname="report.test.Test_ypRealYellowPages"/>
  <testcase name="ypRealYellowPagesOverviewTest" time="4.012" classname="report.test.Test_ypRealYellowPages"/>
</testsuite> <!-- report.test.Test_ypRealYellowPages -->
