<?xml version="1.0" encoding="UTF-8"?>
<!-- Generated by org.testng.reporters.JUnitReportReporter -->
<testsuite hostname="CA04WLVA4652" name="report.test.Test_ypLocalAds" tests="6" failures="0" timestamp="17 Sep 2015 01:08:26 GMT" time="34.700" errors="0">
  <testcase name="ypLocalAdsOverviewTest" time="6.034" classname="report.test.Test_ypLocalAds"/>
  <testcase name="ypLocalAdsTopSectionTest" time="0.439" classname="report.test.Test_ypLocalAds"/>
  <testcase name="launchURLTestypLocal" time="11.178" classname="report.test.Test_ypLocalAds"/>
  <testcase name="ypLocalAdsTopSectionTest" time="0.836" classname="report.test.Test_ypLocalAds"/>
  <testcase name="launchURLTestypLocal" time="9.870" classname="report.test.Test_ypLocalAds"/>
  <testcase name="ypLocalAdsOverviewTest" time="6.343" classname="report.test.Test_ypLocalAds"/>
</testsuite> <!-- report.test.Test_ypLocalAds -->
