<?xml version="1.0" encoding="UTF-8"?>
<!-- Generated by org.testng.reporters.JUnitReportReporter -->
<testsuite hostname="CA04WLVA4652" name="report.test.Test_ypRealYellowPages" tests="2" failures="0" timestamp="30 Sep 2015 19:04:25 GMT" time="81.686" errors="0">
  <testcase name="launchURLTestypReal" time="77.249" classname="report.test.Test_ypRealYellowPages"/>
  <testcase name="ypRealYellowPagesOverviewTest" time="4.437" classname="report.test.Test_ypRealYellowPages"/>
</testsuite> <!-- report.test.Test_ypRealYellowPages -->
