<?xml version="1.0" encoding="UTF-8"?>
<!-- Generated by org.testng.reporters.JUnitReportReporter -->
<testsuite hostname="CA04WLVA4652" name="report.test.Test_ypClicks" tests="2" failures="0" timestamp="30 Sep 2015 19:04:25 GMT" time="40.471" errors="0">
  <testcase name="ypClicksOverviewTest" time="7.165" classname="report.test.Test_ypClicks"/>
  <testcase name="launchURLTestypClicks" time="33.306" classname="report.test.Test_ypClicks"/>
</testsuite> <!-- report.test.Test_ypClicks -->
